#
# A fatal error has been detected by the Java Runtime Environment:
#
#  EXCEPTION_ACCESS_VIOLATION (0xc0000005) at pc=0x00000000582f71ea, pid=3476, tid=11084
#
# JRE version: Java(TM) SE Runtime Environment (7.0_51-b13) (build 1.7.0_51-b13)
# Java VM: Java HotSpot(TM) 64-Bit Server VM (24.51-b03 mixed mode windows-amd64 compressed oops)
# Problematic frame:
# V  [jvm.dll+0x4471ea]
#
# Failed to write core dump. Minidumps are not enabled by default on client versions of Windows
#
# If you would like to submit a bug report, please visit:
#   http://bugreport.sun.com/bugreport/crash.jsp
#

---------------  T H R E A D  ---------------

Current thread (0x0000000007d89000):  JavaThread "C2 CompilerThread1" daemon [_thread_in_native, id=11084, stack(0x00000000091a0000,0x00000000092a0000)]

siginfo: ExceptionCode=0xc0000005, reading address 0x0000000000000008

Registers:
RAX=0x0000000012bd19b0, RBX=0x0000000000000000, RCX=0x00000000136f5760, RDX=0x0000000000000000
RSP=0x000000000929bdc0, RBP=0x000000000929c350, RSI=0x0000000000000003, RDI=0x0000000000000000
R8 =0x0000000000000000, R9 =0x00000000136fc290, R10=0x00000000136f5760, R11=0x0000000000000053
R12=0x000000001375c278, R13=0x0000000000000000, R14=0x0000000010a341c0, R15=0x00000000136f1dd0
RIP=0x00000000582f71ea, EFLAGS=0x0000000000010287

Top of Stack: (sp=0x000000000929bdc0)
0x000000000929bdc0:   000000000929be30 0000000058343b00
0x000000000929bdd0:   0000000000000010 000000001375d910
0x000000000929bde0:   000000001375d910 000000000929c350
0x000000000929bdf0:   0000000010a32ed0 000000001356ade0
0x000000000929be00:   0000000010a32ed0 00000000582fb1e6
0x000000000929be10:   000000001375e468 000000000929be50
0x000000000929be20:   0000000010a31100 0000000010a341c0
0x000000000929be30:   0000000007d2dfa0 000007fe00000020
0x000000000929be40:   0000000012bd3eb0 0000000000000013
0x000000000929be50:   000000000929bf88 000000000929bf68
0x000000000929be60:   0000000010a341c0 000000000929bfd8
0x000000000929be70:   000000000929c030 00000000582fb3a4
0x000000000929be80:   000000000929c350 0000000010a341c0
0x000000000929be90:   000000001375d910 0000000010a341c0
0x000000000929bea0:   0000000010a31900 0000000000000001
0x000000000929beb0:   0000000010a34250 00000000582fc979 

Instructions: (pc=0x00000000582f71ea)
0x00000000582f71ca:   d7 e8 80 c8 04 00 48 8b 85 d0 09 00 00 4c 89 34
0x00000000582f71da:   f8 44 8b 43 28 4c 8b 8d e0 09 00 00 4b 8b 1c c1
0x00000000582f71ea:   48 8b 43 08 48 83 38 00 75 26 8b 55 28 8b 43 28
0x00000000582f71fa:   3b c2 73 0c 8b c8 48 8b 45 30 48 8b 1c c8 eb 02 


Register to memory mapping:

RAX=0x0000000012bd19b0 is an unknown value
RBX=0x0000000000000000 is an unknown value
RCX=0x00000000136f5760 is an unknown value
RDX=0x0000000000000000 is an unknown value
RSP=0x000000000929bdc0 is pointing into the stack for thread: 0x0000000007d89000
RBP=0x000000000929c350 is pointing into the stack for thread: 0x0000000007d89000
RSI=0x0000000000000003 is an unknown value
RDI=0x0000000000000000 is an unknown value
R8 =0x0000000000000000 is an unknown value
R9 =0x00000000136fc290 is an unknown value
R10=0x00000000136f5760 is an unknown value
R11=0x0000000000000053 is an unknown value
R12=0x000000001375c278 is an unknown value
R13=0x0000000000000000 is an unknown value
R14=0x0000000010a341c0 is an unknown value
R15=0x00000000136f1dd0 is an unknown value


Stack: [0x00000000091a0000,0x00000000092a0000],  sp=0x000000000929bdc0,  free space=1007k
Native frames: (J=compiled Java code, j=interpreted, Vv=VM code, C=native code)
V  [jvm.dll+0x4471ea]


Current CompileTask:
C2:   8581  500             com.jme3.renderer.lwjgl.LwjglRenderer::renderMesh (164 bytes)


---------------  P R O C E S S  ---------------

Java Threads: ( => current thread )
  0x000000000cfaa800 JavaThread "jME3 Audio Thread" daemon [_thread_blocked, id=13000, stack(0x000000000f160000,0x000000000f260000)]
  0x0000000001e10000 JavaThread "DestroyJavaVM" [_thread_blocked, id=13372, stack(0x0000000002090000,0x0000000002190000)]
  0x000000000ccda000 JavaThread "LWJGL Renderer Thread" [_thread_in_Java, id=9920, stack(0x000000000d6e0000,0x000000000d7e0000)]
  0x0000000009922000 JavaThread "TimerQueue" daemon [_thread_blocked, id=14048, stack(0x000000000e850000,0x000000000e950000)]
  0x0000000009921800 JavaThread "D3D Screen Updater" daemon [_thread_blocked, id=7520, stack(0x000000000dd00000,0x000000000de00000)]
  0x000000000979c800 JavaThread "AWT-Windows" daemon [_thread_in_native, id=14180, stack(0x00000000094a0000,0x00000000095a0000)]
  0x00000000097a0800 JavaThread "Java2D Disposer" daemon [_thread_blocked, id=12812, stack(0x0000000009af0000,0x0000000009bf0000)]
  0x0000000007d93800 JavaThread "Service Thread" daemon [_thread_blocked, id=13968, stack(0x0000000009370000,0x0000000009470000)]
=>0x0000000007d89000 JavaThread "C2 CompilerThread1" daemon [_thread_in_native, id=11084, stack(0x00000000091a0000,0x00000000092a0000)]
  0x0000000007d83000 JavaThread "C2 CompilerThread0" daemon [_thread_blocked, id=10728, stack(0x0000000008f10000,0x0000000009010000)]
  0x0000000007d7e000 JavaThread "Attach Listener" daemon [_thread_blocked, id=14104, stack(0x0000000009040000,0x0000000009140000)]
  0x0000000007d7c800 JavaThread "Signal Dispatcher" daemon [_thread_blocked, id=13520, stack(0x0000000008d90000,0x0000000008e90000)]
  0x0000000001eee800 JavaThread "Finalizer" daemon [_thread_blocked, id=13932, stack(0x0000000008bf0000,0x0000000008cf0000)]
  0x0000000001ee9000 JavaThread "Reference Handler" daemon [_thread_blocked, id=12704, stack(0x0000000008a20000,0x0000000008b20000)]

Other Threads:
  0x0000000001ee7000 VMThread [stack: 0x0000000008820000,0x0000000008920000] [id=9576]
  0x0000000007d9e000 WatcherThread [stack: 0x00000000095f0000,0x00000000096f0000] [id=5928]

VM state:not at safepoint (normal execution)

VM Mutex/Monitor currently owned by a thread: None

Heap
 PSYoungGen      total 36352K, used 28044K [0x00000000eaa80000, 0x00000000ed080000, 0x0000000100000000)
  eden space 33792K, 75% used [0x00000000eaa80000,0x00000000ec36a808,0x00000000ecb80000)
  from space 2560K, 98% used [0x00000000ece00000,0x00000000ed078a00,0x00000000ed080000)
  to   space 2560K, 0% used [0x00000000ecb80000,0x00000000ecb80000,0x00000000ece00000)
 ParOldGen       total 166400K, used 146003K [0x00000000c0000000, 0x00000000ca280000, 0x00000000eaa80000)
  object space 166400K, 87% used [0x00000000c0000000,0x00000000c8e94dc0,0x00000000ca280000)
 PSPermGen       total 21504K, used 19993K [0x00000000bae00000, 0x00000000bc300000, 0x00000000c0000000)
  object space 21504K, 92% used [0x00000000bae00000,0x00000000bc1867a0,0x00000000bc300000)

Card table byte_map: [0x0000000005190000,0x00000000053c0000] byte_map_base: 0x0000000004bb9000

Polling page: 0x00000000001a0000

Code Cache  [0x0000000002190000, 0x0000000002400000, 0x0000000005190000)
 total_blobs=1130 nmethods=500 adapters=583 free_code_cache=47395Kb largest_free_block=48501568

Compilation events (10 events):
Event: 8.463 Thread 0x0000000007d89000  500             com.jme3.renderer.lwjgl.LwjglRenderer::renderMesh (164 bytes)
Event: 8.466 Thread 0x0000000007d83000 nmethod 498 0x00000000023480d0 code [0x0000000002348240, 0x0000000002348428]
Event: 8.466 Thread 0x0000000007d83000  501             com.jme3.scene.Mesh::getPointSize (5 bytes)
Event: 8.466 Thread 0x0000000007d83000 nmethod 501 0x0000000002349790 code [0x00000000023498c0, 0x0000000002349918]
Event: 8.466 Thread 0x0000000007d83000  502             com.jme3.scene.Mesh::getLineWidth (5 bytes)
Event: 8.466 Thread 0x0000000007d83000 nmethod 502 0x0000000002347ed0 code [0x0000000002348000, 0x0000000002348058]
Event: 8.466 Thread 0x0000000007d83000  503             com.jme3.renderer.Statistics::onMeshDrawn (46 bytes)
Event: 8.467 Thread 0x0000000007d83000 nmethod 503 0x0000000002347bd0 code [0x0000000002347d00, 0x0000000002347db8]
Event: 8.467 Thread 0x0000000007d83000  504             com.jme3.scene.Mesh::getTriangleCount (98 bytes)
Event: 8.467 Thread 0x0000000007d83000 nmethod 504 0x000000000234b110 code [0x000000000234b240, 0x000000000234b2b8]

GC Heap History (8 events):
Event: 3.002 GC heap before
{Heap before GC invocations=1 (full 0):
 PSYoungGen      total 19456K, used 16896K [0x00000000eaa80000, 0x00000000ec000000, 0x0000000100000000)
  eden space 16896K, 100% used [0x00000000eaa80000,0x00000000ebb00000,0x00000000ebb00000)
  from space 2560K, 0% used [0x00000000ebd80000,0x00000000ebd80000,0x00000000ec000000)
  to   space 2560K, 0% used [0x00000000ebb00000,0x00000000ebb00000,0x00000000ebd80000)
 ParOldGen       total 43520K, used 0K [0x00000000c0000000, 0x00000000c2a80000, 0x00000000eaa80000)
  object space 43520K, 0% used [0x00000000c0000000,0x00000000c0000000,0x00000000c2a80000)
 PSPermGen       total 21504K, used 15048K [0x00000000bae00000, 0x00000000bc300000, 0x00000000c0000000)
  object space 21504K, 69% used [0x00000000bae00000,0x00000000bbcb2210,0x00000000bc300000)
Event: 3.014 GC heap after
Heap after GC invocations=1 (full 0):
 PSYoungGen      total 19456K, used 2544K [0x00000000eaa80000, 0x00000000ec000000, 0x0000000100000000)
  eden space 16896K, 0% used [0x00000000eaa80000,0x00000000eaa80000,0x00000000ebb00000)
  from space 2560K, 99% used [0x00000000ebb00000,0x00000000ebd7c020,0x00000000ebd80000)
  to   space 2560K, 0% used [0x00000000ebd80000,0x00000000ebd80000,0x00000000ec000000)
 ParOldGen       total 43520K, used 2606K [0x00000000c0000000, 0x00000000c2a80000, 0x00000000eaa80000)
  object space 43520K, 5% used [0x00000000c0000000,0x00000000c028b860,0x00000000c2a80000)
 PSPermGen       total 21504K, used 15048K [0x00000000bae00000, 0x00000000bc300000, 0x00000000c0000000)
  object space 21504K, 69% used [0x00000000bae00000,0x00000000bbcb2210,0x00000000bc300000)
}
Event: 3.651 GC heap before
{Heap before GC invocations=2 (full 0):
 PSYoungGen      total 19456K, used 19440K [0x00000000eaa80000, 0x00000000ec000000, 0x0000000100000000)
  eden space 16896K, 100% used [0x00000000eaa80000,0x00000000ebb00000,0x00000000ebb00000)
  from space 2560K, 99% used [0x00000000ebb00000,0x00000000ebd7c020,0x00000000ebd80000)
  to   space 2560K, 0% used [0x00000000ebd80000,0x00000000ebd80000,0x00000000ec000000)
 ParOldGen       total 43520K, used 2606K [0x00000000c0000000, 0x00000000c2a80000, 0x00000000eaa80000)
  object space 43520K, 5% used [0x00000000c0000000,0x00000000c028b860,0x00000000c2a80000)
 PSPermGen       total 21504K, used 17279K [0x00000000bae00000, 0x00000000bc300000, 0x00000000c0000000)
  object space 21504K, 80% used [0x00000000bae00000,0x00000000bbedfe18,0x00000000bc300000)
Event: 3.678 GC heap after
Heap after GC invocations=2 (full 0):
 PSYoungGen      total 19456K, used 2546K [0x00000000eaa80000, 0x00000000ed080000, 0x0000000100000000)
  eden space 16896K, 0% used [0x00000000eaa80000,0x00000000eaa80000,0x00000000ebb00000)
  from space 2560K, 99% used [0x00000000ebd80000,0x00000000ebffca00,0x00000000ec000000)
  to   space 2560K, 0% used [0x00000000ebb00000,0x00000000ebb00000,0x00000000ebd80000)
 ParOldGen       total 43520K, used 5034K [0x00000000c0000000, 0x00000000c2a80000, 0x00000000eaa80000)
  object space 43520K, 11% used [0x00000000c0000000,0x00000000c04ea858,0x00000000c2a80000)
 PSPermGen       total 21504K, used 17279K [0x00000000bae00000, 0x00000000bc300000, 0x00000000c0000000)
  object space 21504K, 80% used [0x00000000bae00000,0x00000000bbedfe18,0x00000000bc300000)
}
Event: 4.256 GC heap before
{Heap before GC invocations=3 (full 0):
 PSYoungGen      total 19456K, used 19163K [0x00000000eaa80000, 0x00000000ed080000, 0x0000000100000000)
  eden space 16896K, 98% used [0x00000000eaa80000,0x00000000ebaba390,0x00000000ebb00000)
  from space 2560K, 99% used [0x00000000ebd80000,0x00000000ebffca00,0x00000000ec000000)
  to   space 2560K, 0% used [0x00000000ebb00000,0x00000000ebb00000,0x00000000ebd80000)
 ParOldGen       total 43520K, used 5034K [0x00000000c0000000, 0x00000000c2a80000, 0x00000000eaa80000)
  object space 43520K, 11% used [0x00000000c0000000,0x00000000c04ea858,0x00000000c2a80000)
 PSPermGen       total 21504K, used 18729K [0x00000000bae00000, 0x00000000bc300000, 0x00000000c0000000)
  object space 21504K, 87% used [0x00000000bae00000,0x00000000bc04a7a8,0x00000000bc300000)
Event: 4.285 GC heap after
Heap after GC invocations=3 (full 0):
 PSYoungGen      total 19456K, used 2530K [0x00000000eaa80000, 0x00000000ed080000, 0x0000000100000000)
  eden space 16896K, 0% used [0x00000000eaa80000,0x00000000eaa80000,0x00000000ebb00000)
  from space 2560K, 98% used [0x00000000ebb00000,0x00000000ebd78a00,0x00000000ebd80000)
  to   space 2560K, 0% used [0x00000000ece00000,0x00000000ece00000,0x00000000ed080000)
 ParOldGen       total 43520K, used 8574K [0x00000000c0000000, 0x00000000c2a80000, 0x00000000eaa80000)
  object space 43520K, 19% used [0x00000000c0000000,0x00000000c085f818,0x00000000c2a80000)
 PSPermGen       total 21504K, used 18729K [0x00000000bae00000, 0x00000000bc300000, 0x00000000c0000000)
  object space 21504K, 87% used [0x00000000bae00000,0x00000000bc04a7a8,0x00000000bc300000)
}
Event: 4.740 GC heap before
{Heap before GC invocations=4 (full 0):
 PSYoungGen      total 19456K, used 19426K [0x00000000eaa80000, 0x00000000ed080000, 0x0000000100000000)
  eden space 16896K, 100% used [0x00000000eaa80000,0x00000000ebb00000,0x00000000ebb00000)
  from space 2560K, 98% used [0x00000000ebb00000,0x00000000ebd78a00,0x00000000ebd80000)
  to   space 2560K, 0% used [0x00000000ece00000,0x00000000ece00000,0x00000000ed080000)
 ParOldGen       total 166400K, used 145366K [0x00000000c0000000, 0x00000000ca280000, 0x00000000eaa80000)
  object space 166400K, 87% used [0x00000000c0000000,0x00000000c8df5ae0,0x00000000ca280000)
 PSPermGen       total 21504K, used 18919K [0x00000000bae00000, 0x00000000bc300000, 0x00000000c0000000)
  object space 21504K, 87% used [0x00000000bae00000,0x00000000bc079c28,0x00000000bc300000)
Event: 4.749 GC heap after
Heap after GC invocations=4 (full 0):
 PSYoungGen      total 36352K, used 2530K [0x00000000eaa80000, 0x00000000ed080000, 0x0000000100000000)
  eden space 33792K, 0% used [0x00000000eaa80000,0x00000000eaa80000,0x00000000ecb80000)
  from space 2560K, 98% used [0x00000000ece00000,0x00000000ed078a00,0x00000000ed080000)
  to   space 2560K, 0% used [0x00000000ecb80000,0x00000000ecb80000,0x00000000ece00000)
 ParOldGen       total 166400K, used 146003K [0x00000000c0000000, 0x00000000ca280000, 0x00000000eaa80000)
  object space 166400K, 87% used [0x00000000c0000000,0x00000000c8e94dc0,0x00000000ca280000)
 PSPermGen       total 21504K, used 18919K [0x00000000bae00000, 0x00000000bc300000, 0x00000000c0000000)
  object space 21504K, 87% used [0x00000000bae00000,0x00000000bc079c28,0x00000000bc300000)
}

Deoptimization events (10 events):
Event: 7.793 Thread 0x000000000ccda000 Uncommon trap: reason=class_check action=maybe_recompile pc=0x00000000022dc7cc method=com.bulletphysics.collision.shapes.BvhTriangleMeshShape$MyNodeOverlapCallback.processNode(II)V @ 56
Event: 7.793 Thread 0x000000000ccda000 Uncommon trap: reason=class_check action=maybe_recompile pc=0x00000000022dc7cc method=com.bulletphysics.collision.shapes.BvhTriangleMeshShape$MyNodeOverlapCallback.processNode(II)V @ 56
Event: 7.793 Thread 0x000000000ccda000 Uncommon trap: reason=class_check action=maybe_recompile pc=0x00000000022dc7cc method=com.bulletphysics.collision.shapes.BvhTriangleMeshShape$MyNodeOverlapCallback.processNode(II)V @ 56
Event: 7.793 Thread 0x000000000ccda000 Uncommon trap: reason=class_check action=maybe_recompile pc=0x00000000022d9e30 method=com.bulletphysics.collision.shapes.BvhTriangleMeshShape$MyNodeOverlapCallback.processNode(II)V @ 56
Event: 7.819 Thread 0x000000000ccda000 Uncommon trap: reason=predicate action=maybe_recompile pc=0x00000000022f61a8 method=com.jme3.util.SortUtil.merge([Ljava/lang/Object;[Ljava/lang/Object;IIILjava/util/Comparator;)V @ 82
Event: 7.898 Thread 0x000000000ccda000 Uncommon trap: reason=array_check action=maybe_recompile pc=0x000000000231b94c method=com.jme3.util.SortUtil.merge([Ljava/lang/Object;[Ljava/lang/Object;IIILjava/util/Comparator;)V @ 116
Event: 7.898 Thread 0x000000000ccda000 Uncommon trap: reason=array_check action=maybe_recompile pc=0x000000000231b874 method=com.jme3.util.SortUtil.merge([Ljava/lang/Object;[Ljava/lang/Object;IIILjava/util/Comparator;)V @ 94
Event: 7.898 Thread 0x000000000ccda000 Uncommon trap: reason=array_check action=maybe_recompile pc=0x000000000231b94c method=com.jme3.util.SortUtil.merge([Ljava/lang/Object;[Ljava/lang/Object;IIILjava/util/Comparator;)V @ 116
Event: 7.933 Thread 0x000000000ccda000 Uncommon trap: reason=array_check action=maybe_recompile pc=0x000000000231ef9c method=com.jme3.util.SortUtil.merge([Ljava/lang/Object;[Ljava/lang/Object;IIILjava/util/Comparator;)V @ 137
Event: 7.933 Thread 0x000000000ccda000 Uncommon trap: reason=array_check action=maybe_recompile pc=0x000000000231ef9c method=com.jme3.util.SortUtil.merge([Ljava/lang/Object;[Ljava/lang/Object;IIILjava/util/Comparator;)V @ 137

Internal exceptions (10 events):
Event: 7.802 Thread 0x000000000ccda000 Threw 0x00000000ec280ba8 at C:\re\jdk7u51\527\hotspot\src\share\vm\prims\jvm.cpp:1244
Event: 7.802 Thread 0x000000000ccda000 Threw 0x00000000ec2841d8 at C:\re\jdk7u51\527\hotspot\src\share\vm\prims\jvm.cpp:1244
Event: 7.803 Thread 0x000000000ccda000 Threw 0x00000000ec29c5c8 at C:\re\jdk7u51\527\hotspot\src\share\vm\prims\jvm.cpp:1244
Event: 7.803 Thread 0x000000000ccda000 Threw 0x00000000ec2a06f8 at C:\re\jdk7u51\527\hotspot\src\share\vm\prims\jvm.cpp:1244
Event: 7.806 Thread 0x000000000ccda000 Threw 0x00000000ec2a4938 at C:\re\jdk7u51\527\hotspot\src\share\vm\prims\jvm.cpp:1244
Event: 7.806 Thread 0x000000000ccda000 Threw 0x00000000ec2a8348 at C:\re\jdk7u51\527\hotspot\src\share\vm\prims\jvm.cpp:1244
Event: 7.808 Thread 0x000000000ccda000 Threw 0x00000000ec2ac830 at C:\re\jdk7u51\527\hotspot\src\share\vm\prims\jvm.cpp:1244
Event: 7.808 Thread 0x000000000ccda000 Threw 0x00000000ec2aff50 at C:\re\jdk7u51\527\hotspot\src\share\vm\prims\jvm.cpp:1244
Event: 7.809 Thread 0x000000000ccda000 Threw 0x00000000ec2b32f8 at C:\re\jdk7u51\527\hotspot\src\share\vm\prims\jvm.cpp:1244
Event: 7.809 Thread 0x000000000ccda000 Threw 0x00000000ec2b6b20 at C:\re\jdk7u51\527\hotspot\src\share\vm\prims\jvm.cpp:1244

Events (10 events):
Event: 7.898 Thread 0x000000000ccda000 DEOPT UNPACKING pc=0x00000000021c9064 sp=0x000000000d7de758 mode 2
Event: 7.898 Thread 0x000000000ccda000 Uncommon trap: trap_request=0xffffffd6 fr.pc=0x000000000231b94c
Event: 7.898 Thread 0x000000000ccda000 DEOPT PACKING pc=0x000000000231b94c sp=0x000000000d7de6e0
Event: 7.898 Thread 0x000000000ccda000 DEOPT UNPACKING pc=0x00000000021c9064 sp=0x000000000d7de6d8 mode 2
Event: 7.933 Thread 0x000000000ccda000 Uncommon trap: trap_request=0xffffffd6 fr.pc=0x000000000231ef9c
Event: 7.933 Thread 0x000000000ccda000 DEOPT PACKING pc=0x000000000231ef9c sp=0x000000000d7de9a0
Event: 7.933 Thread 0x000000000ccda000 DEOPT UNPACKING pc=0x00000000021c9064 sp=0x000000000d7de958 mode 2
Event: 7.933 Thread 0x000000000ccda000 Uncommon trap: trap_request=0xffffffd6 fr.pc=0x000000000231ef9c
Event: 7.933 Thread 0x000000000ccda000 DEOPT PACKING pc=0x000000000231ef9c sp=0x000000000d7de9a0
Event: 7.933 Thread 0x000000000ccda000 DEOPT UNPACKING pc=0x00000000021c9064 sp=0x000000000d7de958 mode 2


Dynamic libraries:
0x000000013fd90000 - 0x000000013fdc3000 	C:\Program Files\jmonkeyplatform\jdk\bin\java.exe
0x00000000773f0000 - 0x0000000077599000 	C:\Windows\SYSTEM32\ntdll.dll
0x00000000771d0000 - 0x00000000772ef000 	C:\Windows\system32\kernel32.dll
0x000007fefc4e0000 - 0x000007fefc54c000 	C:\Windows\system32\KERNELBASE.dll
0x000007fefce80000 - 0x000007fefcf5b000 	C:\Windows\system32\ADVAPI32.dll
0x000007fefc7d0000 - 0x000007fefc86f000 	C:\Windows\system32\msvcrt.dll
0x000007fefd760000 - 0x000007fefd77f000 	C:\Windows\SYSTEM32\sechost.dll
0x000007fefe5e0000 - 0x000007fefe70d000 	C:\Windows\system32\RPCRT4.dll
0x00000000772f0000 - 0x00000000773ea000 	C:\Windows\system32\USER32.dll
0x000007fefd210000 - 0x000007fefd277000 	C:\Windows\system32\GDI32.dll
0x000007fefe910000 - 0x000007fefe91e000 	C:\Windows\system32\LPK.dll
0x000007fefe510000 - 0x000007fefe5d9000 	C:\Windows\system32\USP10.dll
0x000007fefab80000 - 0x000007fefad74000 	C:\Windows\WinSxS\amd64_microsoft.windows.common-controls_6595b64144ccf1df_6.0.7601.17514_none_fa396087175ac9ac\COMCTL32.dll
0x000007fefd190000 - 0x000007fefd201000 	C:\Windows\system32\SHLWAPI.dll
0x000007fefc990000 - 0x000007fefc9be000 	C:\Windows\system32\IMM32.DLL
0x000007fefc9c0000 - 0x000007fefcac9000 	C:\Windows\system32\MSCTF.dll
0x00000000629d0000 - 0x0000000062aa2000 	C:\Program Files\jmonkeyplatform\jdk\jre\bin\msvcr100.dll
0x0000000057eb0000 - 0x0000000058679000 	C:\Program Files\jmonkeyplatform\jdk\jre\bin\server\jvm.dll
0x000007feef2c0000 - 0x000007feef2c9000 	C:\Windows\system32\WSOCK32.dll
0x000007fefcf60000 - 0x000007fefcfad000 	C:\Windows\system32\WS2_32.dll
0x000007fefe900000 - 0x000007fefe908000 	C:\Windows\system32\NSI.dll
0x000007fef9670000 - 0x000007fef96ab000 	C:\Windows\system32\WINMM.dll
0x00000000775c0000 - 0x00000000775c7000 	C:\Windows\system32\PSAPI.DLL
0x000000006dbc0000 - 0x000000006dbcf000 	C:\Program Files\jmonkeyplatform\jdk\jre\bin\verify.dll
0x000000006c300000 - 0x000000006c328000 	C:\Program Files\jmonkeyplatform\jdk\jre\bin\java.dll
0x000000006c170000 - 0x000000006c185000 	C:\Program Files\jmonkeyplatform\jdk\jre\bin\zip.dll
0x000000006c520000 - 0x000000006c6b5000 	C:\Program Files\jmonkeyplatform\jdk\jre\bin\awt.dll
0x000007fefcb70000 - 0x000007fefcc47000 	C:\Windows\system32\OLEAUT32.dll
0x000007fefd280000 - 0x000007fefd483000 	C:\Windows\system32\ole32.dll
0x000007fefaad0000 - 0x000007fefab26000 	C:\Windows\system32\uxtheme.dll
0x0000000010000000 - 0x000000001003f000 	C:\Program Files (x86)\ATI Technologies\HydraVision\HydraDMH64.dll
0x000007feef0b0000 - 0x000007feef0d8000 	C:\Program Files (x86)\Common Files\Spigot\Search Settings\wthx183.dll
0x00000000055a0000 - 0x00000000055f7000 	C:\Program Files (x86)\ATI Technologies\HydraVision\GridHook64.dll
0x000007fef9340000 - 0x000007fef93b1000 	C:\Windows\system32\WINSPOOL.DRV
0x000007fefa5a0000 - 0x000007fefa5b8000 	C:\Windows\system32\dwmapi.dll
0x000007fefc0e0000 - 0x000007fefc0ef000 	C:\Windows\system32\CRYPTBASE.dll
0x000007fef6330000 - 0x000007fef652f000 	C:\Windows\system32\d3d9.dll
0x000007fefb300000 - 0x000007fefb30c000 	C:\Windows\system32\VERSION.dll
0x000007fef84e0000 - 0x000007fef84e7000 	C:\Windows\system32\d3d8thk.dll
0x000007fef8390000 - 0x000007fef84db000 	C:\Windows\system32\aticfx64.dll
0x000007fee5ac0000 - 0x000007fee5ae1000 	C:\Windows\system32\atiu9p64.dll
0x000007fee0db0000 - 0x000007fee1551000 	C:\Windows\system32\atiumd64.dll
0x0000000063340000 - 0x0000000063a77000 	C:\Windows\system32\atiumd6a.dll
0x000007fefd780000 - 0x000007fefe508000 	C:\Windows\system32\SHELL32.dll
0x0000000063160000 - 0x00000000631a7000 	C:\Program Files\jmonkeyplatform\jdk\jre\bin\fontmanager.dll
0x000000006c6e0000 - 0x000000006c6f9000 	C:\Program Files\jmonkeyplatform\jdk\jre\bin\net.dll
0x000007fefba20000 - 0x000007fefba75000 	C:\Windows\system32\mswsock.dll
0x000007fefba10000 - 0x000007fefba17000 	C:\Windows\System32\wship6.dll
0x000000006c6c0000 - 0x000000006c6d1000 	C:\Program Files\jmonkeyplatform\jdk\jre\bin\nio.dll
0x0000000062fd0000 - 0x0000000063011000 	C:\Program Files\jmonkeyplatform\jdk\jre\bin\t2k.dll
0x0000000180000000 - 0x0000000180050000 	C:\Users\Vaggos\Documents\JMonkey workspace\Karel\lwjgl64.dll
0x000007fedf660000 - 0x000007fedf77d000 	C:\Windows\system32\OPENGL32.dll
0x000007feef1c0000 - 0x000007feef1ed000 	C:\Windows\system32\GLU32.dll
0x000007fedfc00000 - 0x000007fedfcf1000 	C:\Windows\system32\DDRAW.dll
0x000007feef210000 - 0x000007feef218000 	C:\Windows\system32\DCIMAN32.dll
0x000007fefcfb0000 - 0x000007fefd187000 	C:\Windows\system32\SETUPAPI.dll
0x000007fefc590000 - 0x000007fefc5c6000 	C:\Windows\system32\CFGMGR32.dll
0x000007fefc5f0000 - 0x000007fefc60a000 	C:\Windows\system32\DEVOBJ.dll
0x000007feef1f0000 - 0x000007feef208000 	C:\Windows\system32\atig6pxx.dll
0x0000000052a40000 - 0x0000000054580000 	C:\Windows\system32\atio6axx.dll
0x000007fef9d20000 - 0x000007fef9e4f000 	C:\Windows\system32\atiadlxx.dll
0x000007fefb080000 - 0x000007fefb1ac000 	C:\Windows\system32\PROPSYS.dll
0x000007fefb4f0000 - 0x000007fefb50e000 	C:\Windows\system32\USERENV.dll
0x000007fefc1f0000 - 0x000007fefc1ff000 	C:\Windows\system32\profapi.dll
0x000007fefb2e0000 - 0x000007fefb2f1000 	C:\Windows\system32\WTSAPI32.dll
0x000007fef9cf0000 - 0x000007fef9d17000 	C:\Windows\system32\IPHLPAPI.DLL
0x000007fef9c80000 - 0x000007fef9c8b000 	C:\Windows\system32\WINNSI.DLL
0x000007fefc550000 - 0x000007fefc58a000 	C:\Windows\system32\WINTRUST.dll
0x000007fefc370000 - 0x000007fefc4dc000 	C:\Windows\system32\CRYPT32.dll
0x000007fefc290000 - 0x000007fefc29f000 	C:\Windows\system32\MSASN1.dll
0x000007feeca80000 - 0x000007feecaa9000 	C:\Windows\system32\atig6txx.dll
0x000007fee5b70000 - 0x000007fee5c0c000 	C:\Windows\system32\mscms.dll
0x000007fee0c80000 - 0x000007fee0cc2000 	C:\Windows\system32\icm32.dll
0x0000000008d10000 - 0x0000000008d74000 	C:\Users\Vaggos\Documents\JMonkey workspace\Karel\OpenAL64.dll
0x000007fefc8f0000 - 0x000007fefc989000 	C:\Windows\system32\CLBCatQ.DLL
0x000007fefb1b0000 - 0x000007fefb1fb000 	C:\Windows\System32\MMDevApi.dll
0x000007feeafc0000 - 0x000007feeb048000 	C:\Windows\system32\dsound.dll
0x000007fefb2b0000 - 0x000007fefb2dc000 	C:\Windows\system32\POWRPROF.dll
0x000007fef4a80000 - 0x000007fef4acf000 	C:\Windows\system32\AUDIOSES.DLL
0x000007fef79a0000 - 0x000007fef7ac5000 	C:\Windows\system32\dbghelp.dll

VM Arguments:
jvm_args: -Dfile.encoding=UTF-8 
java_command: mygame.Main
Launcher Type: SUN_STANDARD

Environment Variables:
CLASSPATH=C:\Program Files\Java\jdk1.7.0_07\lib\tools.jar;.
PATH=C:\Program Files (x86)\AMD APP\bin\x86_64;C:\Program Files (x86)\AMD APP\bin\x86;C:\Program Files\Common Files\Microsoft Shared\Windows Live;C:\Program Files (x86)\Common Files\Microsoft Shared\Windows Live;C:\Program Files (x86)\NVIDIA Corporation\PhysX\Common;C:\Windows\system32;C:\Windows;C:\Windows\System32\Wbem;C:\Windows\System32\WindowsPowerShell\v1.0\;C:\Program Files (x86)\ATI Technologies\ATI.ACE\Core-Static;C:\PROGRA~2\thriXXX\3D SexVilla;C:\Program Files (x86)\Windows Live\Shared;C:\Program Files\Java\jdk1.7.0_07\bin;C:\Program Files (x86)\AMD APP\bin\x86_64;C:\Program Files (x86)\AMD APP\bin\x86;C:\Program Files\Common Files\Microsoft Shared\Windows Live;C:\Program Files (x86)\Common Files\Microsoft Shared\Windows Live;C:\Program Files (x86)\NVIDIA Corporation\PhysX\Common;C:\Windows\system32;C:\Windows;C:\Windows\System32\Wbem;C:\Windows\System32\WindowsPowerShell\v1.0\;C:\Program Files (x86)\ATI Technologies\ATI.ACE\Core-Static;C:\PROGRA~2\thriXXX\3D SexVilla;C:\Program Files (x86)\Windows Live\Shared
USERNAME=Vaggos
OS=Windows_NT
PROCESSOR_IDENTIFIER=AMD64 Family 16 Model 6 Stepping 2, AuthenticAMD



---------------  S Y S T E M  ---------------

OS: Windows 7 , 64 bit Build 7601 Service Pack 1

CPU:total 2 (2 cores per cpu, 1 threads per core) family 16 model 6 stepping 2, cmov, cx8, fxsr, mmx, sse, sse2, sse3, popcnt, mmxext, 3dnowpref, lzcnt, sse4a, tsc, tscinvbit, tscinv

Memory: 4k page, physical 4192436k(899548k free), swap 8910880k(1857400k free)

vm_info: Java HotSpot(TM) 64-Bit Server VM (24.51-b03) for windows-amd64 JRE (1.7.0_51-b13), built on Dec 18 2013 18:40:56 by "java_re" with unknown MS VC++:1600

time: Thu Jun 05 03:41:09 2014
elapsed time: 8 seconds

